<?xml version="1.0" encoding="UTF-8"?>
<testsuite xmlns:xsi="http://www.w3.org/2001/XMLSchema-instance" xsi:noNamespaceSchemaLocation="https://maven.apache.org/surefire/maven-failsafe-plugin/xsd/failsafe-test-report-3.0.xsd" version="3.0" name="com.sitionix.forgeai.it.ForgeAiStartFlowIT" time="5.108" tests="1" errors="0" skipped="0" failures="0">
  <properties>
[...]
</properties>
  <testcase name="givenStartForgeRequest_whenStartForge_thenBuildPromptWithSerializedCommandPayload" classname="com.sitionix.forgeai.it.ForgeAiStartFlowIT" time="0.275">
    <system-out><![CDATA[12:18:18.411 [main] WARN org.springframework.core.annotation.AnnotationTypeMapping -- Support for convention-based annotation attribute overrides is deprecated and will be removed in Spring Framework 6.2. Please annotate the following attributes in @com.sitionix.forgeit.core.test.IntegrationTest with appropriate @AliasFor declarations: [properties]
12:18:18.439 [main] INFO org.springframework.test.context.support.AnnotationConfigContextLoaderUtils -- Could not detect default configuration classes for test class [com.sitionix.forgeai.it.ForgeAiStartFlowIT]: ForgeAiStartFlowIT does not declare any static, non-private, non-final, nested classes annotated with @Configuration.
12:18:18.537 [main] INFO org.springframework.boot.test.context.SpringBootTestContextBootstrapper -- Found @SpringBootConfiguration com.sitionix.forgeai.Application for test class com.sitionix.forgeai.it.ForgeAiStartFlowIT

  .   ____          _            __ _ _
 /\\ / ___'_ __ _ _(_)_ __  __ _ \ \ \ \
( ( )\___ | '_ | '_| | '_ \/ _` | \ \ \ \
 \\/  ___)| |_)| | | | | || (_| |  ) ) ) )
  '  |____| .__|_| |_|_| |_\__, | / / / /
 =========|_|==============|___/=/_/_/_/

 :: Spring Boot ::                (v3.3.4)

2026-05-15T12:18:18.908+03:00  INFO 10915 --- [           main] c.s.f.c.i.f.FeatureInstallationService   : Initializing FeatureInstallationService with classloader: jdk.internal.loader.ClassLoaders$AppClassLoader@76ed5528
2026-05-15T12:18:18.911+03:00  INFO 10915 --- [           main] c.s.f.c.i.f.FeatureInstallationService   : Discovered 5 FeatureInstaller implementations: [com.sitionix.forgeit.wiremock.internal.configs.WireMockFeatureInstaller, com.sitionix.forgeit.mockmvc.internal.config.MockMvcFeatureInstaller, com.sitionix.forgeit.postgresql.internal.config.PostgresqlFeatureInstaller, com.sitionix.forgeit.mongodb.internal.config.MongoFeatureInstaller, com.sitionix.forgeit.kafka.internal.config.KafkaFeatureInstaller]
2026-05-15T12:18:18.915+03:00  INFO 10915 --- [           main] c.s.f.c.i.f.FeatureInstallationService   : Found feature whitelist resource: jar:file:/Users/vladvinskevitch/.m2/repository/com/sitionix/forgeit/forgeit/0.0.39/forgeit-0.0.39.jar!/META-INF/forge-it/features
2026-05-15T12:18:18.916+03:00  INFO 10915 --- [           main] c.s.f.c.i.f.FeatureInstallationService   : Final ForgeIT feature whitelist (5 entries): [com.sitionix.forgeit.mockmvc.api.MockMvcSupport, com.sitionix.forgeit.wiremock.api.WireMockSupport, com.sitionix.forgeit.postgresql.api.PostgresqlSupport, com.sitionix.forgeit.mongodb.api.MongoSupport, com.sitionix.forgeit.kafka.api.KafkaSupport]
2026-05-15T12:18:18.916+03:00  INFO 10915 --- [           main] c.s.f.c.i.f.FeatureInstallationService   : FeatureInstallationService initialized. Installers: [interface com.sitionix.forgeit.wiremock.api.WireMockSupport, interface com.sitionix.forgeit.mockmvc.api.MockMvcSupport, interface com.sitionix.forgeit.postgresql.api.PostgresqlSupport, interface com.sitionix.forgeit.mongodb.api.MongoSupport, interface com.sitionix.forgeit.kafka.api.KafkaSupport], whitelisted features: [com.sitionix.forgeit.mockmvc.api.MockMvcSupport, com.sitionix.forgeit.wiremock.api.WireMockSupport, com.sitionix.forgeit.postgresql.api.PostgresqlSupport, com.sitionix.forgeit.mongodb.api.MongoSupport, com.sitionix.forgeit.kafka.api.KafkaSupport]
2026-05-15T12:18:18.916+03:00  INFO 10915 --- [           main] c.s.f.c.i.f.FeatureInstallationService   : Installing features: [interface com.sitionix.forgeit.mockmvc.api.MockMvcSupport]
2026-05-15T12:18:18.917+03:00  INFO 10915 --- [           main] c.s.f.c.i.f.FeatureInstallationService   : Installing feature: com.sitionix.forgeit.mockmvc.api.MockMvcSupport using installer: com.sitionix.forgeit.mockmvc.internal.config.MockMvcFeatureInstaller
2026-05-15T12:18:18.940+03:00  WARN 10915 --- [           main] ory$DuplicateJsonObjectContextCustomizer : 

Found multiple occurrences of org.json.JSONObject on the class path:

	jar:file:/Users/vladvinskevitch/.m2/repository/com/sitionix/forgeit/forgeit/0.0.39/forgeit-0.0.39.jar!/org/json/JSONObject.class
	jar:file:/Users/vladvinskevitch/.m2/repository/com/vaadin/external/google/android-json/0.0.20131108.vaadin1/android-json-0.0.20131108.vaadin1.jar!/org/json/JSONObject.class

You may wish to exclude one of them to ensure predictable runtime behavior

2026-05-15T12:18:18.948+03:00  INFO 10915 --- [           main] c.s.forgeai.it.ForgeAiStartFlowIT        : Starting ForgeAiStartFlowIT using Java 21.0.9 with PID 10915 (started by vladvinskevitch in /Users/vladvinskevitch/Documents/Java/sitionix/forge-ai/boot)
2026-05-15T12:18:18.948+03:00  INFO 10915 --- [           main] c.s.forgeai.it.ForgeAiStartFlowIT        : The following 1 profile is active: "it"
2026-05-15T12:18:20.328+03:00  INFO 10915 --- [           main] .s.d.r.c.RepositoryConfigurationDelegate : Bootstrapping Spring Data MongoDB repositories in DEFAULT mode.
2026-05-15T12:18:20.348+03:00  INFO 10915 --- [           main] .s.d.r.c.RepositoryConfigurationDelegate : Finished Spring Data repository scanning in 15 ms. Found 0 MongoDB repository interfaces.
2026-05-15T12:18:21.738+03:00  INFO 10915 --- [           main] o.s.b.t.m.w.SpringBootMockServletContext : Initializing Spring TestDispatcherServlet ''
2026-05-15T12:18:21.739+03:00  INFO 10915 --- [           main] o.s.t.web.servlet.TestDispatcherServlet  : Initializing Servlet ''
2026-05-15T12:18:22.305+03:00  INFO 10915 --- [           main] org.mongodb.driver.client                : MongoClient with metadata {"driver": {"name": "mongo-java-driver|sync|spring-boot", "version": "5.0.1"}, "os": {"type": "Darwin", "name": "Mac OS X", "architecture": "aarch64", "version": "26.3"}, "platform": "Java/Oracle Corporation/21.0.9+7-LTS-338"} created with settings MongoClientSettings{readPreference=primary, writeConcern=WriteConcern{w=null, wTimeout=null ms, journal=null}, retryWrites=true, retryReads=true, readConcern=ReadConcern{level=null}, credential=null, transportSettings=null, commandListeners=[io.micrometer.core.instrument.binder.mongodb.MongoMetricsCommandListener@24287e5e], codecRegistry=ProvidersCodecRegistry{codecProviders=[ValueCodecProvider{}, BsonValueCodecProvider{}, DBRefCodecProvider{}, DBObjectCodecProvider{}, DocumentCodecProvider{}, CollectionCodecProvider{}, IterableCodecProvider{}, MapCodecProvider{}, GeoJsonCodecProvider{}, GridFSFileCodecProvider{}, Jsr310CodecProvider{}, JsonObjectCodecProvider{}, BsonCodecProvider{}, EnumCodecProvider{}, com.mongodb.client.model.mql.ExpressionCodecProvider@7e37cfcf, com.mongodb.Jep395RecordCodecProvider@596d15c, com.mongodb.KotlinCodecProvider@1261fd82]}, loggerSettings=LoggerSettings{maxDocumentLength=1000}, clusterSettings={hosts=[localhost:27018], srvServiceName=mongodb, mode=SINGLE, requiredClusterType=UNKNOWN, requiredReplicaSetName='null', serverSelector='null', clusterListeners='[]', serverSelectionTimeout='30000 ms', localThreshold='15 ms'}, socketSettings=SocketSettings{connectTimeoutMS=10000, readTimeoutMS=0, receiveBufferSize=0, proxySettings=ProxySettings{host=null, port=null, username=null, password=null}}, heartbeatSocketSettings=SocketSettings{connectTimeoutMS=10000, readTimeoutMS=10000, receiveBufferSize=0, proxySettings=ProxySettings{host=null, port=null, username=null, password=null}}, connectionPoolSettings=ConnectionPoolSettings{maxSize=100, minSize=0, maxWaitTimeMS=120000, maxConnectionLifeTimeMS=0, maxConnectionIdleTimeMS=0, maintenanceInitialDelayMS=0, maintenanceFrequencyMS=60000, connectionPoolListeners=[io.micrometer.core.instrument.binder.mongodb.MongoMetricsConnectionPoolListener@80ca2c3], maxConnecting=2}, serverSettings=ServerSettings{heartbeatFrequencyMS=10000, minHeartbeatFrequencyMS=500, serverListeners='[]', serverMonitorListeners='[]'}, sslSettings=SslSettings{enabled=false, invalidHostNameAllowed=false, context=null}, applicationName='null', compressorList=[], uuidRepresentation=JAVA_LEGACY, serverApi=null, autoEncryptionSettings=null, dnsClient=null, inetAddressResolver=null, contextProvider=null}
2026-05-15T12:18:22.341+03:00  INFO 10915 --- [localhost:27018] org.mongodb.driver.cluster               : Monitor thread successfully connected to server with description ServerDescription{address=localhost:27018, type=STANDALONE, state=CONNECTED, ok=true, minWireVersion=0, maxWireVersion=21, maxDocumentSize=16777216, logicalSessionTimeoutMinutes=30, roundTripTimeNanos=25779000}
2026-05-15T12:18:22.542+03:00  INFO 10915 --- [           main] o.s.b.a.e.web.EndpointLinksResolver      : Exposing 2 endpoints beneath base path '/actuator'
2026-05-15T12:18:22.672+03:00  INFO 10915 --- [           main] o.s.t.web.servlet.TestDispatcherServlet  : Completed initialization in 932 ms
2026-05-15T12:18:23.045+03:00  INFO 10915 --- [           main] c.s.forgeai.it.ForgeAiStartFlowIT        : Started ForgeAiStartFlowIT in 4.415 seconds (process running for 5.259)
2026-05-15T12:18:23.279+03:00  WARN 10915 --- [           main] jakarta.persistence.spi                  : jakarta.persistence.spi::No valid providers found.
]]></system-out>
    <system-err><![CDATA[WARNING: A Java agent has been loaded dynamically (/Users/vladvinskevitch/.m2/repository/net/bytebuddy/byte-buddy-agent/1.14.19/byte-buddy-agent-1.14.19.jar)
WARNING: If a serviceability tool is in use, please run with -XX:+EnableDynamicAgentLoading to hide this warning
WARNING: If a serviceability tool is not in use, please run with -Djdk.instrument.traceUsage for more information
WARNING: Dynamic loading of agents will be disallowed by default in a future release
]]></system-err>
  </testcase>
</testsuite>